[     202ms] [LOG] [Fast Refresh] rebuilding @ http://localhost:3001/_next/static/chunks/node_modules_next_dist_115brz8._.js:2431
[     637ms] [LOG] [Fast Refresh] done in 536ms @ http://localhost:3001/_next/static/chunks/node_modules_next_dist_115brz8._.js:2431
[    1158ms] [INFO] %cDownload the React DevTools for a better development experience: https://react.dev/link/react-devtools font-weight:bold @ http://localhost:3001/_next/static/chunks/node_modules_next_dist_115brz8._.js:2431
[    1173ms] [LOG] [HMR] connected @ http://localhost:3001/_next/static/chunks/node_modules_next_dist_115brz8._.js:2431
[    1215ms] [ERROR] API Error: AxiosError: Network Error
    at XMLHttpRequest.handleError (http://localhost:3001/_next/static/chunks/node_modules_0z5~yc7._.js:8856:25) @ http://localhost:3001/_next/static/chunks/node_modules_next_dist_115brz8._.js:3272
[    1215ms] [ERROR] Failed to load resource: net::ERR_CONNECTION_REFUSED @ http://localhost:8000/seas/api/v1/exams/1/subjects?page_index=1&page_size=100:0
[    1215ms] [ERROR] API Error: AxiosError: Network Error
    at XMLHttpRequest.handleError (http://localhost:3001/_next/static/chunks/node_modules_0z5~yc7._.js:8856:25) @ http://localhost:3001/_next/static/chunks/node_modules_next_dist_115brz8._.js:3272
[    1215ms] [ERROR] Failed to load resource: net::ERR_CONNECTION_REFUSED @ http://localhost:8000/seas/api/v1/exams/1/analysis/subject-summary?scope=all_subjects:0
[    1215ms] [ERROR] API Error: AxiosError: Network Error
    at XMLHttpRequest.handleError (http://localhost:3001/_next/static/chunks/node_modules_0z5~yc7._.js:8856:25) @ http://localhost:3001/_next/static/chunks/node_modules_next_dist_115brz8._.js:3272
[    1215ms] [ERROR] Failed to load resource: net::ERR_CONNECTION_REFUSED @ http://localhost:8000/seas/api/v1/exams/1/analysis/class-summary?scope=all_subjects:0
[    1215ms] [ERROR] API Error: AxiosError: Network Error
    at XMLHttpRequest.handleError (http://localhost:3001/_next/static/chunks/node_modules_0z5~yc7._.js:8856:25) @ http://localhost:3001/_next/static/chunks/node_modules_next_dist_115brz8._.js:3272
[    1215ms] [ERROR] Failed to load resource: net::ERR_CONNECTION_REFUSED @ http://localhost:8000/seas/api/v1/exams/1/analysis/rating-distribution?scope=all_subjects&excellent_threshold=90&good_threshold=70&pass_threshold=60:0
[    1215ms] [ERROR] API Error: AxiosError: Network Error
    at XMLHttpRequest.handleError (http://localhost:3001/_next/static/chunks/node_modules_0z5~yc7._.js:8856:25) @ http://localhost:3001/_next/static/chunks/node_modules_next_dist_115brz8._.js:3272
[    1215ms] [ERROR] Failed to load resource: net::ERR_CONNECTION_REFUSED @ http://localhost:8000/seas/api/v1/exams?page_index=1&page_size=200:0
[    2219ms] [ERROR] API Error: AxiosError: Network Error
    at XMLHttpRequest.handleError (http://localhost:3001/_next/static/chunks/node_modules_0z5~yc7._.js:8856:25) @ http://localhost:3001/_next/static/chunks/node_modules_next_dist_115brz8._.js:3272
[    2220ms] [ERROR] Failed to load resource: net::ERR_CONNECTION_REFUSED @ http://localhost:8000/seas/api/v1/exams/1/subjects?page_index=1&page_size=100:0
[    2220ms] [ERROR] API Error: AxiosError: Network Error
    at XMLHttpRequest.handleError (http://localhost:3001/_next/static/chunks/node_modules_0z5~yc7._.js:8856:25) @ http://localhost:3001/_next/static/chunks/node_modules_next_dist_115brz8._.js:3272
[    2220ms] [ERROR] Failed to load resource: net::ERR_CONNECTION_REFUSED @ http://localhost:8000/seas/api/v1/exams/1/analysis/subject-summary?scope=all_subjects:0
[    2220ms] [ERROR] API Error: AxiosError: Network Error
    at XMLHttpRequest.handleError (http://localhost:3001/_next/static/chunks/node_modules_0z5~yc7._.js:8856:25) @ http://localhost:3001/_next/static/chunks/node_modules_next_dist_115brz8._.js:3272
[    2220ms] [ERROR] Failed to load resource: net::ERR_CONNECTION_REFUSED @ http://localhost:8000/seas/api/v1/exams/1/analysis/class-summary?scope=all_subjects:0
[    2220ms] [ERROR] API Error: AxiosError: Network Error
    at XMLHttpRequest.handleError (http://localhost:3001/_next/static/chunks/node_modules_0z5~yc7._.js:8856:25) @ http://localhost:3001/_next/static/chunks/node_modules_next_dist_115brz8._.js:3272
[    2220ms] [ERROR] Failed to load resource: net::ERR_CONNECTION_REFUSED @ http://localhost:8000/seas/api/v1/exams/1/analysis/rating-distribution?scope=all_subjects&excellent_threshold=90&good_threshold=70&pass_threshold=60:0
[    2221ms] [ERROR] API Error: AxiosError: Network Error
    at XMLHttpRequest.handleError (http://localhost:3001/_next/static/chunks/node_modules_0z5~yc7._.js:8856:25) @ http://localhost:3001/_next/static/chunks/node_modules_next_dist_115brz8._.js:3272
[    2221ms] [ERROR] Failed to load resource: net::ERR_CONNECTION_REFUSED @ http://localhost:8000/seas/api/v1/exams?page_index=1&page_size=200:0
