[    2539ms] [INFO] %cDownload the React DevTools for a better development experience: https://react.dev/link/react-devtools font-weight:bold @ http://localhost:3001/_next/static/chunks/node_modules_next_dist_115brz8._.js:2431
[    2611ms] [LOG] [HMR] connected @ http://localhost:3001/_next/static/chunks/node_modules_next_dist_115brz8._.js:2431
[    2680ms] [ERROR] API Error: AxiosError: Network Error
    at XMLHttpRequest.handleError (http://localhost:3001/_next/static/chunks/node_modules_0t4sn9l._.js:8856:25) @ http://localhost:3001/_next/static/chunks/node_modules_next_dist_115brz8._.js:3272
[    2681ms] [ERROR] Failed to load resource: net::ERR_CONNECTION_REFUSED @ http://localhost:8000/seas/api/v1/exams?page_index=1&page_size=200:0
[    3688ms] [ERROR] API Error: AxiosError: Network Error
    at XMLHttpRequest.handleError (http://localhost:3001/_next/static/chunks/node_modules_0t4sn9l._.js:8856:25) @ http://localhost:3001/_next/static/chunks/node_modules_next_dist_115brz8._.js:3272
[    3688ms] [ERROR] Failed to load resource: net::ERR_CONNECTION_REFUSED @ http://localhost:8000/seas/api/v1/exams?page_index=1&page_size=200:0
[   65421ms] [LOG] [Fast Refresh] rebuilding @ http://localhost:3001/_next/static/chunks/node_modules_next_dist_115brz8._.js:2431
[   65807ms] [LOG] [Fast Refresh] done in 418ms @ http://localhost:3001/_next/static/chunks/node_modules_next_dist_115brz8._.js:2431
[   84902ms] [LOG] [Fast Refresh] rebuilding @ http://localhost:3001/_next/static/chunks/node_modules_next_dist_115brz8._.js:2431
[   84952ms] [ERROR] In HTML, %s cannot be a child of <%s>.%s
This will cause a hydration error.%s <html> main  

  ...
    <RootLayout>
      <html lang="zh" className="geist_a715..." suppressHydrationWarning={true}>
        ...
          <J attribute="class" defaultTheme="system" enableSystem={true} disableTransitionOnChange={true}>
            <V attribute="class" defaultTheme="system" enableSystem={true} disableTransitionOnChange={true}>
              <script>
              <QueryClientProvider client={{}}>
                <TooltipProvider>
                  <TooltipProvider data-slot="tooltip-pr..." delayDuration={0}>
                    <TooltipProviderProvider scope={undefined} isOpenDelayedRef={{current:true}} delayDuration={0} ...>
                      <DashboardShell>
                        <div className="relative m...">
                          <AppSidebar>
                          <div className="flex min-h...">
                            <header>
>                           <main className="relative mx-auto flex w-full max-w-7xl flex-1 flex-col px-6 py-8">
                              ...
                                <SegmentViewNode type="layout" pagePath="login/layo...">
                                  <SegmentTrieNode>
                                  <LoginLayout>
>                                   <html
>                                     lang="zh"
>                                     className="geist_a71539c9-module__T19VSG__variable geist_mono_8d43a2aa-module__8..."
>                                     suppressHydrationWarning={true}
>                                   >
 @ http://localhost:3001/_next/static/chunks/node_modules_next_dist_115brz8._.js:3272
[   84952ms] [ERROR] <%s> cannot contain a nested %s.
See this log for the ancestor stack trace. main <html> @ http://localhost:3001/_next/static/chunks/node_modules_next_dist_115brz8._.js:3272
[   84954ms] [ERROR] You are mounting a new %s component when a previous one has not first unmounted. It is an error to render more than one %s component at a time and attributes and children of these components will likely fail in unpredictable ways. Please only render a single instance of <%s> and if you need to mount a new one, ensure any previous ones have unmounted first. html html html @ http://localhost:3001/_next/static/chunks/node_modules_next_dist_115brz8._.js:3272
[   84955ms] [ERROR] You are mounting a new %s component when a previous one has not first unmounted. It is an error to render more than one %s component at a time and attributes and children of these components will likely fail in unpredictable ways. Please only render a single instance of <%s> and if you need to mount a new one, ensure any previous ones have unmounted first. body body body @ http://localhost:3001/_next/static/chunks/node_modules_next_dist_115brz8._.js:3272
[   84962ms] [LOG] [Fast Refresh] done in 112ms @ http://localhost:3001/_next/static/chunks/node_modules_next_dist_115brz8._.js:2431
