[    1396ms] [LOG] Running frontend commit 945dbc7f0b02450fe7fb3b3e5543d9a9b9624ae0 @ https://www.figma.com/proto/BgqyPzZC4FC1kYlGlfv3fv/SEAS?node-id=0-1&t=MZcU1tBk1o2uzb3K-1:509
[    2196ms] [WARNING] Statsig is not ready to log exposures, will retry in 1 seconds @ https://www.figma.com/webpack-artifacts/assets/vendor-core-34edd2c749031eb9.min.js.br:53
[    2319ms] [LOG] [import] git: 56f0127f61de16d14e4e1e1fe9419c0b5f25aeea, stamp: 1D77C81230093DE7 @ https://www.figma.com/webpack-artifacts/assets/vendor-core-34edd2c749031eb9.min.js.br:53
[    2537ms] [INFO] [PrototypeLib] Booting... (emscripten version 4.0.21) @ https://www.figma.com/webpack-artifacts/assets/vendor-core-34edd2c749031eb9.min.js.br:53
[    2554ms] [INFO] [GPU] graphicsAPI:"WebGL 2", vendor:"Google Inc. (Apple)", renderer:"ANGLE (Apple, ANGLE Metal Renderer: Apple M2, Unspecified Version)" version:"OpenGL ES 2.0 (WebGL 2.0 (OpenGL ES 3.0 Chromium))" @ https://www.figma.com/webpack-artifacts/assets/vendor-core-34edd2c749031eb9.min.js.br:53
[    4296ms] [INFO] [Sprigma] Sprig SDK is ready @ https://www.figma.com/webpack-artifacts/assets/vendor-core-34edd2c749031eb9.min.js.br:53
[    7777ms] [ERROR] Failed to load resource: the server responded with a status of 404 () @ https://www.figma.com/api/files/BgqyPzZC4FC1kYlGlfv3fv/prototype/view:0
[   30717ms] [VERBOSE] Rendering was performed in a subtree hidden by content-visibility. @ :3102
[   30718ms] [VERBOSE] Rendering was performed in a subtree hidden by content-visibility. @ :2756
[   30719ms] [VERBOSE] Rendering was performed in a subtree hidden by content-visibility. @ :2756
[   30719ms] [VERBOSE] Rendering was performed in a subtree hidden by content-visibility. @ :2756
[   30956ms] [VERBOSE] Rendering was performed in a subtree hidden by content-visibility. @ :2756
[   30956ms] [VERBOSE] Rendering was performed in a subtree hidden by content-visibility. @ :2756
[   30956ms] [VERBOSE] Rendering was performed in a subtree hidden by content-visibility. @ :2756
[   78754ms] [VERBOSE] Rendering was performed in a subtree hidden by content-visibility. @ :2756
[   78754ms] [VERBOSE] Rendering was performed in a subtree hidden by content-visibility. @ :2756
[   78754ms] [VERBOSE] Rendering was performed in a subtree hidden by content-visibility. @ :2756
[  115157ms] [VERBOSE] Rendering was performed in a subtree hidden by content-visibility. @ :3102
[  115157ms] [VERBOSE] Rendering was performed in a subtree hidden by content-visibility. @ :2756
[  115157ms] [VERBOSE] Rendering was performed in a subtree hidden by content-visibility. @ :2756
[  115157ms] [VERBOSE] Rendering was performed in a subtree hidden by content-visibility. @ :2756
[  132527ms] [VERBOSE] Rendering was performed in a subtree hidden by content-visibility. @ :2756
[  132527ms] [VERBOSE] Rendering was performed in a subtree hidden by content-visibility. @ :2756
[  132527ms] [VERBOSE] Rendering was performed in a subtree hidden by content-visibility. @ :2756
[  141475ms] [VERBOSE] Rendering was performed in a subtree hidden by content-visibility. @ :3102
[  141476ms] [VERBOSE] Rendering was performed in a subtree hidden by content-visibility. @ :2756
[  141476ms] [VERBOSE] Rendering was performed in a subtree hidden by content-visibility. @ :2756
[  141476ms] [VERBOSE] Rendering was performed in a subtree hidden by content-visibility. @ :2756
[  157080ms] [VERBOSE] Rendering was performed in a subtree hidden by content-visibility. @ :2756
[  157080ms] [VERBOSE] Rendering was performed in a subtree hidden by content-visibility. @ :2756
[  157080ms] [VERBOSE] Rendering was performed in a subtree hidden by content-visibility. @ :2756
[  169198ms] [VERBOSE] Rendering was performed in a subtree hidden by content-visibility. @ :3102
[  169198ms] [VERBOSE] Rendering was performed in a subtree hidden by content-visibility. @ :2756
[  169198ms] [VERBOSE] Rendering was performed in a subtree hidden by content-visibility. @ :2756
[  169198ms] [VERBOSE] Rendering was performed in a subtree hidden by content-visibility. @ :2756
[  208425ms] [VERBOSE] Rendering was performed in a subtree hidden by content-visibility. @ :2756
[  208425ms] [VERBOSE] Rendering was performed in a subtree hidden by content-visibility. @ :2756
[  208425ms] [VERBOSE] Rendering was performed in a subtree hidden by content-visibility. @ :2756
[  217911ms] [VERBOSE] Rendering was performed in a subtree hidden by content-visibility. @ :3102
[  217911ms] [VERBOSE] Rendering was performed in a subtree hidden by content-visibility. @ :2756
[  217911ms] [VERBOSE] Rendering was performed in a subtree hidden by content-visibility. @ :2756
[  217911ms] [VERBOSE] Rendering was performed in a subtree hidden by content-visibility. @ :2756
[  292092ms] [VERBOSE] Rendering was performed in a subtree hidden by content-visibility. @ :2756
[  292093ms] [VERBOSE] Rendering was performed in a subtree hidden by content-visibility. @ :2756
[  292093ms] [VERBOSE] Rendering was performed in a subtree hidden by content-visibility. @ :2756
