[    1045ms] [ERROR] Access to XMLHttpRequest at 'http://localhost:8000/seas/api/v1/exams?page_index=1&page_size=20' from origin 'http://localhost:3000' has been blocked by CORS policy: No 'Access-Control-Allow-Origin' header is present on the requested resource. @ http://localhost:3000/:0
[    1048ms] [ERROR] API Error: AxiosError: Network Error
    at XMLHttpRequest.handleError (http://localhost:3000/_next/static/chunks/node_modules_05c8ii5._.js:4826:25) @ http://localhost:3000/_next/static/chunks/node_modules_next_dist_115brz8._.js:3272
[    1053ms] [ERROR] Failed to load resource: net::ERR_FAILED @ http://localhost:8000/seas/api/v1/exams?page_index=1&page_size=20:0
[    2061ms] [ERROR] Access to XMLHttpRequest at 'http://localhost:8000/seas/api/v1/exams?page_index=1&page_size=20' from origin 'http://localhost:3000' has been blocked by CORS policy: No 'Access-Control-Allow-Origin' header is present on the requested resource. @ http://localhost:3000/:0
[    2062ms] [ERROR] API Error: AxiosError: Network Error
    at XMLHttpRequest.handleError (http://localhost:3000/_next/static/chunks/node_modules_05c8ii5._.js:4826:25) @ http://localhost:3000/_next/static/chunks/node_modules_next_dist_115brz8._.js:3272
[    2062ms] [ERROR] Failed to load resource: net::ERR_FAILED @ http://localhost:8000/seas/api/v1/exams?page_index=1&page_size=20:0
[  991022ms] [ERROR] WebSocket connection to 'ws://localhost:3000/_next/webpack-hmr?id=-wlyMh9QbojywYBaIKeVR' failed: Error in connection establishment: net::ERR_CONNECTION_REFUSED @ http://localhost:3000/_next/static/chunks/node_modules_next_dist_client_0fhqo1d._.js:13299
[  992026ms] [ERROR] WebSocket connection to 'ws://localhost:3000/_next/webpack-hmr?id=-wlyMh9QbojywYBaIKeVR' failed: Error in connection establishment: net::ERR_CONNECTION_REFUSED @ http://localhost:3000/_next/static/chunks/node_modules_next_dist_client_0fhqo1d._.js:13299
[  994744ms] [ERROR] Access to XMLHttpRequest at 'http://localhost:8000/seas/api/v1/exams?page_index=1&page_size=20' from origin 'http://localhost:3000' has been blocked by CORS policy: No 'Access-Control-Allow-Origin' header is present on the requested resource. @ http://localhost:3000/:0
[  994745ms] [ERROR] API Error: AxiosError: Network Error
    at XMLHttpRequest.handleError (http://localhost:3000/_next/static/chunks/node_modules_05c8ii5._.js:4826:25) @ http://localhost:3000/_next/static/chunks/node_modules_next_dist_115brz8._.js:3272
[  994748ms] [ERROR] Failed to load resource: net::ERR_FAILED @ http://localhost:8000/seas/api/v1/exams?page_index=1&page_size=20:0
[  995758ms] [ERROR] Access to XMLHttpRequest at 'http://localhost:8000/seas/api/v1/exams?page_index=1&page_size=20' from origin 'http://localhost:3000' has been blocked by CORS policy: No 'Access-Control-Allow-Origin' header is present on the requested resource. @ http://localhost:3000/:0
[  995759ms] [ERROR] API Error: AxiosError: Network Error
    at XMLHttpRequest.handleError (http://localhost:3000/_next/static/chunks/node_modules_05c8ii5._.js:4826:25) @ http://localhost:3000/_next/static/chunks/node_modules_next_dist_115brz8._.js:3272
[  995760ms] [ERROR] Failed to load resource: net::ERR_FAILED @ http://localhost:8000/seas/api/v1/exams?page_index=1&page_size=20:0
[ 1036277ms] [ERROR] WebSocket connection to 'ws://localhost:3000/_next/webpack-hmr?id=FIaEQuc5B5qw00YcmW0J2' failed: Error in connection establishment: net::ERR_CONNECTION_REFUSED @ http://localhost:3000/_next/static/chunks/node_modules_next_dist_client_0fhqo1d._.js:13299
[ 1037283ms] [ERROR] WebSocket connection to 'ws://localhost:3000/_next/webpack-hmr?id=FIaEQuc5B5qw00YcmW0J2' failed: Error in connection establishment: net::ERR_CONNECTION_REFUSED @ http://localhost:3000/_next/static/chunks/node_modules_next_dist_client_0fhqo1d._.js:13299
[ 1038286ms] [ERROR] WebSocket connection to 'ws://localhost:3000/_next/webpack-hmr?id=FIaEQuc5B5qw00YcmW0J2' failed: Error in connection establishment: net::ERR_CONNECTION_REFUSED @ http://localhost:3000/_next/static/chunks/node_modules_next_dist_client_0fhqo1d._.js:13299
[ 1039291ms] [ERROR] WebSocket connection to 'ws://localhost:3000/_next/webpack-hmr?id=FIaEQuc5B5qw00YcmW0J2' failed: Error in connection establishment: net::ERR_CONNECTION_REFUSED @ http://localhost:3000/_next/static/chunks/node_modules_next_dist_client_0fhqo1d._.js:13299
[ 1040299ms] [ERROR] WebSocket connection to 'ws://localhost:3000/_next/webpack-hmr?id=FIaEQuc5B5qw00YcmW0J2' failed: Error in connection establishment: net::ERR_CONNECTION_REFUSED @ http://localhost:3000/_next/static/chunks/node_modules_next_dist_client_0fhqo1d._.js:13299
[ 1045325ms] [ERROR] WebSocket connection to 'ws://localhost:3000/_next/webpack-hmr?id=FIaEQuc5B5qw00YcmW0J2' failed: Error in connection establishment: net::ERR_CONNECTION_REFUSED @ http://localhost:3000/_next/static/chunks/node_modules_next_dist_client_0fhqo1d._.js:13299
[ 1050337ms] [ERROR] WebSocket connection to 'ws://localhost:3000/_next/webpack-hmr?id=FIaEQuc5B5qw00YcmW0J2' failed: Error in connection establishment: net::ERR_CONNECTION_REFUSED @ http://localhost:3000/_next/static/chunks/node_modules_next_dist_client_0fhqo1d._.js:13299
[ 1055345ms] [ERROR] WebSocket connection to 'ws://localhost:3000/_next/webpack-hmr?id=FIaEQuc5B5qw00YcmW0J2' failed: Error in connection establishment: net::ERR_CONNECTION_REFUSED @ http://localhost:3000/_next/static/chunks/node_modules_next_dist_client_0fhqo1d._.js:13299
[ 1060355ms] [ERROR] WebSocket connection to 'ws://localhost:3000/_next/webpack-hmr?id=FIaEQuc5B5qw00YcmW0J2' failed: Error in connection establishment: net::ERR_CONNECTION_REFUSED @ http://localhost:3000/_next/static/chunks/node_modules_next_dist_client_0fhqo1d._.js:13299
[ 1065471ms] [ERROR] WebSocket connection to 'ws://localhost:3000/_next/webpack-hmr?id=FIaEQuc5B5qw00YcmW0J2' failed: Error in connection establishment: net::ERR_CONNECTION_REFUSED @ http://localhost:3000/_next/static/chunks/node_modules_next_dist_client_0fhqo1d._.js:13299
[ 1070483ms] [ERROR] WebSocket connection to 'ws://localhost:3000/_next/webpack-hmr?id=FIaEQuc5B5qw00YcmW0J2' failed: Error in connection establishment: net::ERR_CONNECTION_REFUSED @ http://localhost:3000/_next/static/chunks/node_modules_next_dist_client_0fhqo1d._.js:13299
[ 1075493ms] [ERROR] WebSocket connection to 'ws://localhost:3000/_next/webpack-hmr?id=FIaEQuc5B5qw00YcmW0J2' failed: Error in connection establishment: net::ERR_CONNECTION_REFUSED @ http://localhost:3000/_next/static/chunks/node_modules_next_dist_client_0fhqo1d._.js:13299
